{
  "RSpec": {
    "coverage": {
      "/Users/mossy/turing/3module/projects/rales_engine_2/rales-engine/config/environment.rb": [
        null,
        1,
        null,
        null,
        1
      ],
      "/Users/mossy/turing/3module/projects/rales_engine_2/rales-engine/config/application.rb": [
        1,
        null,
        1,
        null,
        1,
        1,
        1,
        1,
        1,
        1,
        1,
        null,
        null,
        null,
        null,
        null,
        1,
        null,
        1,
        1,
        null,
        1,
        null,
        null,
        null,
        null,
        null,
        null,
        null,
        null,
        1,
        null,
        null
      ],
      "/Users/mossy/turing/3module/projects/rales_engine_2/rales-engine/config/boot.rb": [
        1,
        null,
        1
      ],
      "/Users/mossy/turing/3module/projects/rales_engine_2/rales-engine/config/environments/test.rb": [
        1,
        null,
        null,
        null,
        null,
        null,
        null,
        1,
        null,
        null,
        null,
        null,
        1,
        null,
        null,
        1,
        1,
        null,
        null,
        null,
        null,
        1,
        1,
        null,
        null,
        1,
        null,
        null,
        1,
        1,
        null,
        null,
        null,
        null,
        1,
        null,
        null,
        1,
        null,
        null,
        null,
        null
      ],
      "/Users/mossy/turing/3module/projects/rales_engine_2/rales-engine/config/initializers/application_controller_renderer.rb": [
        null,
        null,
        null,
        null,
        null,
        null
      ],
      "/Users/mossy/turing/3module/projects/rales_engine_2/rales-engine/config/initializers/backtrace_silencers.rb": [
        null,
        null,
        null,
        null,
        null,
        null,
        null
      ],
      "/Users/mossy/turing/3module/projects/rales_engine_2/rales-engine/config/initializers/cors.rb": [
        null,
        null,
        null,
        null,
        null,
        null,
        null,
        null,
        null,
        null,
        null,
        null,
        null,
        null,
        null,
        null
      ],
      "/Users/mossy/turing/3module/projects/rales_engine_2/rales-engine/config/initializers/filter_parameter_logging.rb": [
        null,
        null,
        null,
        1
      ],
      "/Users/mossy/turing/3module/projects/rales_engine_2/rales-engine/config/initializers/inflections.rb": [
        null,
        null,
        null,
        null,
        null,
        null,
        null,
        null,
        null,
        null,
        null,
        null,
        null,
        null,
        null,
        null
      ],
      "/Users/mossy/turing/3module/projects/rales_engine_2/rales-engine/config/initializers/mime_types.rb": [
        null,
        null,
        null,
        null
      ],
      "/Users/mossy/turing/3module/projects/rales_engine_2/rales-engine/config/initializers/wrap_parameters.rb": [
        null,
        null,
        null,
        null,
        null,
        null,
        1,
        2,
        null,
        null,
        null,
        null,
        null,
        null
      ],
      "/Users/mossy/turing/3module/projects/rales_engine_2/rales-engine/spec/factories/customers.rb": [
        1,
        1,
        1,
        1,
        null,
        null
      ],
      "/Users/mossy/turing/3module/projects/rales_engine_2/rales-engine/spec/factories/invoice_items.rb": [
        1,
        1,
        1,
        1,
        1,
        1,
        null,
        null
      ],
      "/Users/mossy/turing/3module/projects/rales_engine_2/rales-engine/spec/factories/invoices.rb": [
        1,
        1,
        1,
        1,
        1,
        null,
        null
      ],
      "/Users/mossy/turing/3module/projects/rales_engine_2/rales-engine/spec/factories/items.rb": [
        1,
        1,
        1,
        1,
        1,
        1,
        null,
        null
      ],
      "/Users/mossy/turing/3module/projects/rales_engine_2/rales-engine/spec/factories/merchants.rb": [
        1,
        1,
        1,
        null,
        null
      ],
      "/Users/mossy/turing/3module/projects/rales_engine_2/rales-engine/spec/factories/transactions.rb": [
        1,
        1,
        1,
        1,
        1,
        1,
        null,
        null
      ],
      "/Users/mossy/turing/3module/projects/rales_engine_2/rales-engine/config/routes.rb": [
        1,
        null,
        null,
        1,
        1,
        1,
        1,
        1,
        1,
        1,
        null,
        null,
        1,
        1,
        1,
        1,
        null,
        null,
        1,
        1,
        1,
        1,
        null,
        null,
        1,
        1,
        1,
        1,
        null,
        null,
        1,
        1,
        1,
        1,
        1,
        1,
        null,
        null,
        1,
        1,
        1,
        1,
        null,
        null,
        1,
        1,
        1,
        1,
        1,
        1,
        null,
        null,
        null
      ],
      "/Users/mossy/turing/3module/projects/rales_engine_2/rales-engine/spec/support/factory_girl.rb": [
        1,
        1,
        null
      ],
      "/Users/mossy/turing/3module/projects/rales_engine_2/rales-engine/spec/support/shoulda_matchers.rb": [
        1,
        1,
        1,
        1,
        null,
        null
      ],
      "/Users/mossy/turing/3module/projects/rales_engine_2/rales-engine/spec/features/invoice_items_controller_spec.rb": [
        1,
        null,
        1,
        1,
        1,
        null,
        1,
        null,
        0,
        0,
        null,
        null,
        null,
        1,
        1,
        null,
        1,
        null,
        0,
        0,
        null,
        null,
        null
      ],
      "/Users/mossy/turing/3module/projects/rales_engine_2/rales-engine/spec/features/invoices/find_all_controller_spec.rb": [

      ],
      "/Users/mossy/turing/3module/projects/rales_engine_2/rales-engine/spec/features/invoices/find_controller_spec.rb": [

      ],
      "/Users/mossy/turing/3module/projects/rales_engine_2/rales-engine/spec/features/invoices/random_controller_spec.rb": [
        1,
        null,
        1,
        1,
        1,
        null,
        1,
        1,
        1,
        1,
        1,
        null,
        null,
        null
      ],
      "/Users/mossy/turing/3module/projects/rales_engine_2/rales-engine/spec/features/invoices_controller_spec.rb": [
        1,
        null,
        1,
        1,
        1,
        null,
        1,
        null,
        1,
        1,
        null,
        null,
        1,
        1,
        null,
        1,
        null,
        1,
        1,
        null,
        null,
        null
      ],
      "/Users/mossy/turing/3module/projects/rales_engine_2/rales-engine/spec/features/items/find_all_controller_spec.rb": [
        1,
        null,
        1,
        1,
        1,
        1,
        null,
        1,
        null,
        0,
        0,
        0,
        0,
        null,
        null,
        null
      ],
      "/Users/mossy/turing/3module/projects/rales_engine_2/rales-engine/spec/features/items/find_controller_spec.rb": [
        1,
        null,
        1,
        1,
        1,
        null,
        1,
        null,
        0,
        0,
        0,
        0,
        null,
        null,
        null
      ],
      "/Users/mossy/turing/3module/projects/rales_engine_2/rales-engine/spec/features/items/random_controller_spec.rb": [
        1,
        null,
        1,
        1,
        1,
        null,
        1,
        0,
        0,
        0,
        0,
        null,
        null,
        null
      ],
      "/Users/mossy/turing/3module/projects/rales_engine_2/rales-engine/spec/features/items_controller_spec.rb": [
        1,
        null,
        1,
        1,
        1,
        null,
        1,
        null,
        0,
        0,
        null,
        null,
        1,
        1,
        null,
        1,
        null,
        0,
        0,
        null,
        null,
        null
      ],
      "/Users/mossy/turing/3module/projects/rales_engine_2/rales-engine/spec/models/customer_spec.rb": [
        1,
        null,
        1,
        1,
        null
      ],
      "/Users/mossy/turing/3module/projects/rales_engine_2/rales-engine/app/models/customer.rb": [
        1,
        1,
        1,
        null
      ],
      "/Users/mossy/turing/3module/projects/rales_engine_2/rales-engine/app/models/application_record.rb": [
        1,
        1,
        null
      ],
      "/Users/mossy/turing/3module/projects/rales_engine_2/rales-engine/spec/models/invoice_item_spec.rb": [
        1,
        null,
        1,
        1,
        null
      ],
      "/Users/mossy/turing/3module/projects/rales_engine_2/rales-engine/app/models/invoice_item.rb": [
        1,
        1,
        1,
        null,
        1,
        null,
        1,
        0,
        null,
        null,
        null
      ],
      "/Users/mossy/turing/3module/projects/rales_engine_2/rales-engine/spec/models/invoice_spec.rb": [
        1,
        null,
        1,
        1,
        null
      ],
      "/Users/mossy/turing/3module/projects/rales_engine_2/rales-engine/app/models/invoice.rb": [
        1,
        1,
        1,
        1,
        1,
        1,
        null,
        1,
        null,
        null,
        null,
        null
      ],
      "/Users/mossy/turing/3module/projects/rales_engine_2/rales-engine/spec/models/item_spec.rb": [
        1,
        null,
        1,
        1,
        null
      ],
      "/Users/mossy/turing/3module/projects/rales_engine_2/rales-engine/app/models/item.rb": [
        1,
        1,
        null,
        1,
        1,
        null,
        1,
        0,
        null,
        null
      ],
      "/Users/mossy/turing/3module/projects/rales_engine_2/rales-engine/spec/models/merchant_spec.rb": [
        1,
        null,
        1,
        1,
        null
      ],
      "/Users/mossy/turing/3module/projects/rales_engine_2/rales-engine/app/models/merchant.rb": [
        1,
        1,
        1,
        1,
        1,
        null,
        1,
        null,
        null,
        null,
        null,
        null,
        0,
        null,
        null
      ],
      "/Users/mossy/turing/3module/projects/rales_engine_2/rales-engine/spec/models/transaction_spec.rb": [
        1,
        null,
        1,
        1,
        null
      ],
      "/Users/mossy/turing/3module/projects/rales_engine_2/rales-engine/app/models/transaction.rb": [
        1,
        1,
        null,
        1,
        1,
        null
      ],
      "/Users/mossy/turing/3module/projects/rales_engine_2/rales-engine/spec/requests/api/v1/customers_request_spec.rb": [
        1,
        null,
        1,
        1,
        1,
        null,
        1,
        null,
        1,
        null,
        1,
        null,
        1,
        null,
        null,
        1,
        1,
        null,
        1,
        null,
        1,
        null,
        1,
        1,
        null,
        null,
        1,
        1,
        null,
        1,
        null,
        1,
        null,
        1,
        1,
        null,
        null,
        1,
        1,
        null,
        1,
        null,
        1,
        null,
        1,
        1,
        null,
        null,
        1,
        1,
        null,
        1,
        null,
        1,
        null,
        1,
        1,
        null,
        null,
        1,
        1,
        1,
        null,
        1,
        null,
        1,
        null,
        1,
        1,
        1,
        1,
        null,
        null,
        1,
        1,
        1,
        null,
        1,
        null,
        1,
        null,
        1,
        1,
        1,
        1,
        null,
        null,
        1,
        1,
        null,
        1,
        null,
        1,
        1,
        null,
        1,
        1,
        null,
        null
      ],
      "/Users/mossy/turing/3module/projects/rales_engine_2/rales-engine/spec/requests/api/v1/merchants_request_spec.rb": [
        1,
        null,
        1,
        1,
        1,
        null,
        1,
        null,
        1,
        null,
        1,
        null,
        1,
        null,
        null,
        1,
        1,
        null,
        1,
        null,
        1,
        null,
        1,
        1,
        null,
        null,
        1,
        1,
        null,
        1,
        null,
        1,
        null,
        1,
        1,
        null,
        null,
        1,
        1,
        null,
        1,
        null,
        1,
        null,
        1,
        1,
        null,
        null,
        1,
        1,
        1,
        null,
        1,
        null,
        1,
        null,
        1,
        1,
        1,
        0,
        null,
        null,
        1,
        1,
        1,
        null,
        1,
        null,
        1,
        null,
        1,
        1,
        1,
        1,
        null,
        null,
        1,
        1,
        null,
        1,
        null,
        1,
        1,
        null,
        1,
        1,
        null,
        null
      ],
      "/Users/mossy/turing/3module/projects/rales_engine_2/rales-engine/spec/requests/api/v1/transactions_request_spec.rb": [
        1,
        null,
        1,
        1,
        1,
        null,
        1,
        null,
        1,
        null,
        1,
        null,
        1,
        null,
        null,
        1,
        1,
        null,
        1,
        null,
        1,
        null,
        1,
        1,
        null,
        null,
        1,
        1,
        null,
        1,
        null,
        1,
        null,
        1,
        1,
        null,
        null,
        1,
        1,
        null,
        1,
        null,
        1,
        null,
        1,
        1,
        null,
        null,
        1,
        1,
        1,
        null,
        1,
        null,
        1,
        null,
        1,
        1,
        1,
        0,
        null,
        null,
        1,
        1,
        1,
        null,
        1,
        null,
        1,
        null,
        1,
        1,
        1,
        1,
        null,
        null,
        1,
        1,
        null,
        1,
        null,
        1,
        1,
        null,
        1,
        1,
        null,
        null
      ],
      "/Users/mossy/turing/3module/projects/rales_engine_2/rales-engine/app/controllers/api/v1/invoice_items/random_controller.rb": [
        1,
        null,
        1,
        1,
        null,
        null,
        null
      ],
      "/Users/mossy/turing/3module/projects/rales_engine_2/rales-engine/app/controllers/application_controller.rb": [
        1,
        null
      ],
      "/Users/mossy/turing/3module/projects/rales_engine_2/rales-engine/app/serializers/invoice_item_serializer.rb": [
        1,
        1,
        null,
        1,
        3,
        null,
        null
      ],
      "/Users/mossy/turing/3module/projects/rales_engine_2/rales-engine/app/controllers/api/v1/invoice_items_controller.rb": [
        1,
        null,
        1,
        2,
        null,
        null,
        1,
        0,
        null,
        null,
        null
      ],
      "/Users/mossy/turing/3module/projects/rales_engine_2/rales-engine/app/controllers/api/v1/invoices/random_controller.rb": [
        1,
        null,
        1,
        1,
        null,
        null,
        null
      ],
      "/Users/mossy/turing/3module/projects/rales_engine_2/rales-engine/app/serializers/invoice_serializer.rb": [
        1,
        1,
        null
      ],
      "/Users/mossy/turing/3module/projects/rales_engine_2/rales-engine/app/controllers/api/v1/invoices_controller.rb": [
        1,
        null,
        1,
        2,
        null,
        null,
        1,
        0,
        null,
        null,
        null
      ],
      "/Users/mossy/turing/3module/projects/rales_engine_2/rales-engine/app/controllers/api/v1/items/find_all_controller.rb": [
        1,
        null,
        1,
        1,
        null,
        null,
        1,
        null,
        1,
        1,
        null,
        null,
        null
      ],
      "/Users/mossy/turing/3module/projects/rales_engine_2/rales-engine/app/serializers/item_serializer.rb": [
        1,
        1,
        null,
        1,
        5,
        null,
        null
      ],
      "/Users/mossy/turing/3module/projects/rales_engine_2/rales-engine/app/controllers/api/v1/items/find_controller.rb": [
        1,
        null,
        1,
        1,
        null,
        null,
        1,
        null,
        1,
        1,
        null,
        null,
        null,
        null
      ],
      "/Users/mossy/turing/3module/projects/rales_engine_2/rales-engine/app/controllers/api/v1/items/random_controller.rb": [
        1,
        null,
        1,
        1,
        null,
        null,
        null
      ],
      "/Users/mossy/turing/3module/projects/rales_engine_2/rales-engine/app/controllers/api/v1/items_controller.rb": [
        1,
        null,
        1,
        2,
        null,
        null,
        1,
        0,
        null,
        null,
        null
      ],
      "/Users/mossy/turing/3module/projects/rales_engine_2/rales-engine/app/controllers/api/v1/customers_controller.rb": [
        1,
        1,
        1,
        null,
        null,
        1,
        1,
        null,
        null
      ],
      "/Users/mossy/turing/3module/projects/rales_engine_2/rales-engine/app/serializers/customer_serializer.rb": [
        1,
        1,
        null
      ],
      "/Users/mossy/turing/3module/projects/rales_engine_2/rales-engine/app/controllers/api/v1/customers/find_controller.rb": [
        1,
        null,
        1,
        2,
        null,
        null,
        1,
        3,
        null,
        null,
        1,
        null,
        1,
        5,
        null,
        null
      ],
      "/Users/mossy/turing/3module/projects/rales_engine_2/rales-engine/app/controllers/api/v1/customers/random_controller.rb": [
        1,
        1,
        1,
        null,
        null
      ],
      "/Users/mossy/turing/3module/projects/rales_engine_2/rales-engine/app/controllers/api/v1/merchants_controller.rb": [
        1,
        1,
        1,
        null,
        null,
        1,
        1,
        null,
        null
      ],
      "/Users/mossy/turing/3module/projects/rales_engine_2/rales-engine/app/serializers/merchant_serializer.rb": [
        1,
        1,
        null
      ],
      "/Users/mossy/turing/3module/projects/rales_engine_2/rales-engine/app/controllers/api/v1/merchants/find_controller.rb": [
        1,
        null,
        1,
        2,
        null,
        null,
        1,
        2,
        null,
        null,
        1,
        null,
        1,
        4,
        null,
        null
      ],
      "/Users/mossy/turing/3module/projects/rales_engine_2/rales-engine/app/controllers/api/v1/merchants/random_controller.rb": [
        1,
        1,
        1,
        null,
        null
      ],
      "/Users/mossy/turing/3module/projects/rales_engine_2/rales-engine/app/controllers/api/v1/transactions_controller.rb": [
        1,
        1,
        1,
        null,
        null,
        1,
        1,
        null,
        null
      ],
      "/Users/mossy/turing/3module/projects/rales_engine_2/rales-engine/app/serializers/transaction_serializer.rb": [
        1,
        1,
        null
      ],
      "/Users/mossy/turing/3module/projects/rales_engine_2/rales-engine/app/controllers/api/v1/transactions/find_controller.rb": [
        1,
        null,
        1,
        2,
        null,
        null,
        1,
        2,
        null,
        null,
        1,
        null,
        1,
        4,
        null,
        null
      ],
      "/Users/mossy/turing/3module/projects/rales_engine_2/rales-engine/app/controllers/api/v1/transactions/random_controller.rb": [
        1,
        1,
        1,
        null,
        null
      ]
    },
    "timestamp": 1502996373
  }
}
